#
# A fatal error has been detected by the Java Runtime Environment:
#
#  EXCEPTION_ACCESS_VIOLATION (0xc0000005) at pc=0x00007ffe6513b166, pid=1652, tid=836
#
# JRE version: OpenJDK Runtime Environment Temurin-17.0.17+10 (17.0.17+10) (build 17.0.17+10)
# Java VM: OpenJDK 64-Bit Server VM Temurin-17.0.17+10 (17.0.17+10, mixed mode, emulated-client, sharing, tiered, compressed oops, compressed class ptrs, g1 gc, windows-amd64)
# Problematic frame:
# V  [jvm.dll+0x2db166]
#
# No core dump will be written. Minidumps are not enabled by default on client versions of Windows
#
# If you would like to submit a bug report, please visit:
#   https://github.com/adoptium/adoptium-support/issues
#

---------------  S U M M A R Y ------------

Command Line: -Dcom.sun.management.jmxremote -Dcom.sun.management.jmxremote.port=61072 -Dcom.sun.management.jmxremote.authenticate=false -Dcom.sun.management.jmxremote.ssl=false -Djava.rmi.server.hostname=localhost -Dspring.jmx.enabled=true -Dmanagement.endpoints.jmx.exposure.include=* -Dspring.application.admin.enabled=true -Dspring.output.ansi.enabled=always -XX:TieredStopAtLevel=1 -Dspring.boot.project.name=BookMyShow -Dfile.encoding=UTF-8 -Dstdout.encoding=UTF-8 -Dstderr.encoding=UTF-8 -XX:+ShowCodeDetailsInExceptionMessages com.bookmyshow.BookMyShowApplication

Host: Intel(R) Core(TM) i3-5005U CPU @ 2.00GHz, 4 cores, 7G,  Windows 11 , 64 bit Build 26100 (10.0.26100.7920)
Time: Sun Mar 22 10:32:12 2026 India Standard Time elapsed time: 147062.977368 seconds (1d 16h 51m 2s)

---------------  T H R E A D  ---------------

Current thread (0x000002677d3e2030):  GCTaskThread "GC Thread#1" [stack: 0x000000e679d00000,0x000000e679e00000] [id=836]

Stack: [0x000000e679d00000,0x000000e679e00000],  sp=0x000000e679dffab0,  free space=1022k
Native frames: (J=compiled Java code, j=interpreted, Vv=VM code, C=native code)
V  [jvm.dll+0x2db166]
V  [jvm.dll+0x3169be]
V  [jvm.dll+0x2e66a5]
V  [jvm.dll+0x2e6589]
V  [jvm.dll+0x2dd9bb]
V  [jvm.dll+0x317c39]
V  [jvm.dll+0x2e387f]
V  [jvm.dll+0x2e52ab]
V  [jvm.dll+0x867e9b]
V  [jvm.dll+0x867ee6]
V  [jvm.dll+0x7ea44c]
V  [jvm.dll+0x682e87]
C  [ucrtbase.dll+0x37b0]
C  [KERNEL32.DLL+0x2e8d7]
C  [ntdll.dll+0x8c48c]


siginfo: EXCEPTION_ACCESS_VIOLATION (0xc0000005), reading address 0xffffffffffffffff


Registers:
RAX=0x00007ffe657c13e8, RBX=0x00740061004c0000, RCX=0x000002670005ea10, RDX=0x00007ffe65809758
RSP=0x000000e679dffab0, RBP=0x000002677f569b50, RSI=0x0000000000000059, RDI=0x000002670005ea10
R8 =0x000002672db97911, R9 =0x000000000000f801, R10=0x000002672db96b6e, R11=0x000000e679dff9f0
R12=0x0000000000000009, R13=0x000000e679dffcd0, R14=0x00000000000002c8, R15=0x0000000000000000
RIP=0x00007ffe6513b166, EFLAGS=0x0000000000010206

XMM[0]=0x0000022edd13cbd8 0x00000156685961df
XMM[1]=0x0000000000000000 0x0000000000000000
XMM[2]=0x8485b6788483de18 0x0000000084857388
XMM[3]=0x0000000000000000 0x3f57495d4123b6be
XMM[4]=0x84862b1800000000 0x0000000000000000
XMM[5]=0x0000000000000000 0x0000000000000000
XMM[6]=0x0000000000000000 0x0000000000000000
XMM[7]=0x0000000000000000 0x0000000000000000
XMM[8]=0x0000000000000000 0x0000000000000000
XMM[9]=0x0000000000000000 0x0000000000000000
XMM[10]=0x0000000000000000 0x0000000000000000
XMM[11]=0x0000000000000000 0x0000000000000000
XMM[12]=0x0000000000000000 0x0000000000000000
XMM[13]=0x0000000000000000 0x0000000000000000
XMM[14]=0x0000000000000000 0x0000000000000000
XMM[15]=0x0000000000000000 0x0000000000000000
  MXCSR=0x00001fa0


Register to memory mapping:

RIP=0x00007ffe6513b166 jvm.dll
RAX=0x00007ffe657c13e8 jvm.dll
RBX=0x00740061004c0000 is an unknown value
RCX=0x000002670005ea10 points into unknown readable memory: 0x00007ffe657c13e8 | e8 13 7c 65 fe 7f 00 00
RDX=0x00007ffe65809758 jvm.dll
RSP=0x000000e679dffab0 points into unknown readable memory: 0x00000267001af5e0 | e0 f5 1a 00 67 02 00 00
RBP=0x000002677f569b50 points into unknown readable memory: 0x0000000000000200 | 00 02 00 00 00 00 00 00
RSI=0x0000000000000059 is an unknown value
RDI=0x000002670005ea10 points into unknown readable memory: 0x00007ffe657c13e8 | e8 13 7c 65 fe 7f 00 00
R8 =0x000002672db97911 is at entry_point+3473 in (nmethod*)0x000002672db96890
Compiled method (c1) 147063074 7267   !   1       org.apache.tomcat.util.net.NioEndpoint$Poller::timeout (501 bytes)
 total in heap  [0x000002672db96890,0x000002672db98468] = 7128
 relocation     [0x000002672db969f0,0x000002672db96b78] = 392
 main code      [0x000002672db96b80,0x000002672db977a0] = 3104
 stub code      [0x000002672db977a0,0x000002672db97918] = 376
 oops           [0x000002672db97918,0x000002672db97928] = 16
 metadata       [0x000002672db97928,0x000002672db979d8] = 176
 scopes data    [0x000002672db979d8,0x000002672db97db0] = 984
 scopes pcs     [0x000002672db97db0,0x000002672db98070] = 704
 dependencies   [0x000002672db98070,0x000002672db98098] = 40
 handler table  [0x000002672db98098,0x000002672db983f0] = 856
 nul chk table  [0x000002672db983f0,0x000002672db98468] = 120
R9 =0x000000000000f801 is an unknown value
R10=0x000002672db96b6e is at entry_point+-18 in (nmethod*)0x000002672db96890
Compiled method (c1) 147063085 7267   !   1       org.apache.tomcat.util.net.NioEndpoint$Poller::timeout (501 bytes)
 total in heap  [0x000002672db96890,0x000002672db98468] = 7128
 relocation     [0x000002672db969f0,0x000002672db96b78] = 392
 main code      [0x000002672db96b80,0x000002672db977a0] = 3104
 stub code      [0x000002672db977a0,0x000002672db97918] = 376
 oops           [0x000002672db97918,0x000002672db97928] = 16
 metadata       [0x000002672db97928,0x000002672db979d8] = 176
 scopes data    [0x000002672db979d8,0x000002672db97db0] = 984
 scopes pcs     [0x000002672db97db0,0x000002672db98070] = 704
 dependencies   [0x000002672db98070,0x000002672db98098] = 40
 handler table  [0x000002672db98098,0x000002672db983f0] = 856
 nul chk table  [0x000002672db983f0,0x000002672db98468] = 120
R11=0x000000e679dff9f0 points into unknown readable memory: 0x000000000000000c | 0c 00 00 00 00 00 00 00
R12=0x0000000000000009 is an unknown value
R13=0x000000e679dffcd0 points into unknown readable memory: 0x00007ffe657c0a60 | 60 0a 7c 65 fe 7f 00 00
R14=0x00000000000002c8 is an unknown value
R15=0x0 is NULL


Top of Stack: (sp=0x000000e679dffab0)
0x000000e679dffab0:   00000267001af5e0 0000022edd13cb14
0x000000e679dffac0:   00000156685961df 0000022edd13cbd8
0x000000e679dffad0:   000000e679dffcd0 00007ffe651769be
0x000000e679dffae0:   0000000000000021 0000000000000000
0x000000e679dffaf0:   0000026725e55fa0 0000026737741410
0x000000e679dffb00:   0000000000000000 0000000000000000
0x000000e679dffb10:   00007ffe65000000 0000000000000000
0x000000e679dffb20:   0000026725e55b60 000002677d72fdd0
0x000000e679dffb30:   0000026730da5e00 00007ffe651780fa
0x000000e679dffb40:   0000026723c00a50 00007ffe654dd41f
0x000000e679dffb50:   000000e679dffbd0 000000000000001e
0x000000e679dffb60:   000002677d72fdd0 00000156685961df
0x000000e679dffb70:   0000022edd13cbd8 000000e679dffd10
0x000000e679dffb80:   000000e679dffd20 0000000000000000
0x000000e679dffb90:   0000000000000051 0000000000000000
0x000000e679dffba0:   0000000000000024 00007ffe651466a5
0x000000e679dffbb0:   000000e679dffcf8 0000026725e55fa0
0x000000e679dffbc0:   0000000000000021 0000026725e5cf50
0x000000e679dffbd0:   000002677d419660 0000000000000001
0x000000e679dffbe0:   00000000000003d8 000000000000000f
0x000000e679dffbf0:   000000e679dffd09 00007ffe65146589
0x000000e679dffc00:   0000026725e5cf50 0000000000000011
0x000000e679dffc10:   000002677d419a48 000000000000000b
0x000000e679dffc20:   0000000000000024 00007ffe00000001
0x000000e679dffc30:   0000000000000004 0000000000000000
0x000000e679dffc40:   0000000000000000 00007ffe6513d9bb
0x000000e679dffc50:   0000026725e55b60 00007ffe65177f16
0x000000e679dffc60:   000002677d3e39d0 000000e679dffd09
0x000000e679dffc70:   0000026700000004 0000000000000000
0x000000e679dffc80:   0000000000000002 00007ffe65177c39
0x000000e679dffc90:   0000000000003785 00000000002b4988
0x000000e679dffca0:   00007ffe657c0a50 0000015668590301 

Instructions: (pc=0x00007ffe6513b166)
0x00007ffe6513b066:   85 c0 74 15 66 0f 1f 44 00 00 4c 39 40 10 74 0c
0x00007ffe6513b076:   48 8b 40 08 48 85 c0 75 f1 32 c0 c3 b0 01 c3 cc
0x00007ffe6513b086:   cc cc cc cc cc cc cc cc cc cc 48 8b 02 48 8b 51
0x00007ffe6513b096:   08 48 39 02 77 0a 48 3b 42 08 73 04 c6 41 10 01
0x00007ffe6513b0a6:   c3 cc cc cc cc cc cc cc cc cc 8b 02 4c 8b c1 85
0x00007ffe6513b0b6:   c0 75 04 33 c0 eb 10 8b 0d 35 52 84 00 48 d3 e0
0x00007ffe6513b0c6:   48 03 05 23 52 84 00 49 8b 48 08 48 39 01 77 0b
0x00007ffe6513b0d6:   48 3b 41 08 73 05 41 c6 40 10 01 c3 cc cc cc cc
0x00007ffe6513b0e6:   cc cc cc cc cc cc cc cc cc cc 48 8b 11 48 85 d2
0x00007ffe6513b0f6:   74 16 8b 42 14 0f af 42 10 48 63 c8 48 63 02 48
0x00007ffe6513b106:   83 c0 0e 48 8d 04 c1 c3 b8 10 00 00 00 c3 cc cc
0x00007ffe6513b116:   cc cc cc cc cc cc cc cc cc cc 48 89 6c 24 20 57
0x00007ffe6513b126:   48 83 ec 20 48 8b 29 48 8b fa 48 85 ed 74 5a 48
0x00007ffe6513b136:   89 74 24 38 33 f6 39 75 00 7e 49 48 89 5c 24 30
0x00007ffe6513b146:   4c 89 74 24 40 44 8b f6 66 90 48 8b 45 08 49 8b
0x00007ffe6513b156:   1c 06 48 85 db 74 18 0f 1f 00 48 8b 07 48 8b cf
0x00007ffe6513b166:   48 8b 53 10 ff 10 48 8b 5b 08 48 85 db 75 eb ff
0x00007ffe6513b176:   c6 49 83 c6 08 3b 75 00 7c d0 4c 8b 74 24 40 48
0x00007ffe6513b186:   8b 5c 24 30 48 8b 74 24 38 48 8b 6c 24 48 48 83
0x00007ffe6513b196:   c4 20 5f c3 cc cc cc cc cc cc 40 55 48 83 ec 20
0x00007ffe6513b1a6:   48 8b 2d 93 02 8b 00 48 c7 05 88 02 8b 00 00 00
0x00007ffe6513b1b6:   00 00 48 85 ed 0f 84 8f 00 00 00 48 89 5c 24 30
0x00007ffe6513b1c6:   48 89 74 24 38 48 89 7c 24 40 4c 89 74 24 48 66
0x00007ffe6513b1d6:   66 66 0f 1f 84 00 00 00 00 00 48 8b fd 33 f6 48
0x00007ffe6513b1e6:   8b 6d 58 39 37 7e 31 45 33 f6 48 8b 47 08 49 8b
0x00007ffe6513b1f6:   1c 06 48 85 db 74 17 0f 1f 00 48 8b d3 48 8b cf
0x00007ffe6513b206:   48 8b 5b 08 e8 41 70 07 00 48 85 db 75 ec ff c6
0x00007ffe6513b216:   49 83 c6 08 3b 37 7c d2 48 8b cf e8 0a 70 07 00
0x00007ffe6513b226:   48 8d 4f 18 e8 d1 ec d2 ff 48 8b cf e8 19 c8 dc
0x00007ffe6513b236:   ff 48 85 ed 75 a4 4c 8b 74 24 48 48 8b 7c 24 40
0x00007ffe6513b246:   48 8b 74 24 38 48 8b 5c 24 30 48 83 c4 20 5d c3
0x00007ffe6513b256:   cc cc cc cc cc cc cc cc cc cc 48 89 74 24 18 57 


Stack slot to memory mapping:
stack at sp + 0 slots: 0x00000267001af5e0 points into unknown readable memory: 0x00000267e3e21a41 | 41 1a e2 e3 67 02 00 00
stack at sp + 1 slots: 0x0000022edd13cb14 is an unknown value
stack at sp + 2 slots: 0x00000156685961df is an unknown value
stack at sp + 3 slots: 0x0000022edd13cbd8 is an unknown value
stack at sp + 4 slots: 0x000000e679dffcd0 points into unknown readable memory: 0x00007ffe657c0a60 | 60 0a 7c 65 fe 7f 00 00
stack at sp + 5 slots: 0x00007ffe651769be jvm.dll
stack at sp + 6 slots: 0x0000000000000021 is an unknown value
stack at sp + 7 slots: 0x0 is NULL


---------------  P R O C E S S  ---------------

Threads class SMR info:
_java_thread_list=0x0000026737a31680, length=36, elements={
0x00000267378b6fd0, 0x00000267378b8db0, 0x00000267378ccf20, 0x00000267378cf800,
0x00000267378d20e0, 0x00000267378d29b0, 0x00000267378d3330, 0x000002673790b450,
0x0000026737acd440, 0x0000026737b22590, 0x000002677d3ec2e0, 0x000002677d3ec7c0,
0x000002677d3e1b50, 0x000002677d751660, 0x000002677dbd49b0, 0x000002677dbd44a0,
0x000002677e9ffee0, 0x000002677e9fe080, 0x000002677ea003f0, 0x000002677e9fe590,
0x000002677ea02250, 0x000002677e9feaa0, 0x000002677ea00900, 0x000002677ea00e10,
0x000002677ea01320, 0x000002677ea02760, 0x000002677e9fefb0, 0x000002677ea02c70,
0x000002677e9ff4c0, 0x000002677ea03180, 0x000002677ea03690, 0x000002677ea03ba0,
0x000002677ea05a00, 0x000002677ea054f0, 0x000002677dbd3f90, 0x000002677ea045c0
}

Java Threads: ( => current thread )
  0x00000267378b6fd0 JavaThread "Reference Handler" daemon [_thread_blocked, id=9380, stack(0x000000e678e00000,0x000000e678f00000)]
  0x00000267378b8db0 JavaThread "Finalizer" daemon [_thread_blocked, id=6836, stack(0x000000e678f00000,0x000000e679000000)]
  0x00000267378ccf20 JavaThread "Signal Dispatcher" daemon [_thread_blocked, id=6828, stack(0x000000e679000000,0x000000e679100000)]
  0x00000267378cf800 JavaThread "Attach Listener" daemon [_thread_blocked, id=876, stack(0x000000e679100000,0x000000e679200000)]
  0x00000267378d20e0 JavaThread "Service Thread" daemon [_thread_blocked, id=13040, stack(0x000000e679200000,0x000000e679300000)]
  0x00000267378d29b0 JavaThread "Monitor Deflation Thread" daemon [_thread_blocked, id=13176, stack(0x000000e679300000,0x000000e679400000)]
  0x00000267378d3330 JavaThread "C1 CompilerThread0" daemon [_thread_blocked, id=11036, stack(0x000000e679400000,0x000000e679500000)]
  0x000002673790b450 JavaThread "Sweeper thread" daemon [_thread_blocked, id=11612, stack(0x000000e679500000,0x000000e679600000)]
  0x0000026737acd440 JavaThread "Common-Cleaner" daemon [_thread_blocked, id=5128, stack(0x000000e679600000,0x000000e679700000)]
  0x0000026737b22590 JavaThread "Notification Thread" daemon [_thread_blocked, id=6760, stack(0x000000e679900000,0x000000e679a00000)]
  0x000002677d3ec2e0 JavaThread "RMI TCP Accept-0" daemon [_thread_in_native, id=12380, stack(0x000000e679a00000,0x000000e679b00000)]
  0x000002677d3ec7c0 JavaThread "RMI TCP Accept-61072" daemon [_thread_in_native, id=9040, stack(0x000000e679b00000,0x000000e679c00000)]
  0x000002677d3e1b50 JavaThread "RMI TCP Accept-0" daemon [_thread_in_native, id=3520, stack(0x000000e679c00000,0x000000e679d00000)]
  0x000002677d751660 JavaThread "RMI Scheduler(0)" daemon [_thread_blocked, id=12376, stack(0x000000e67a300000,0x000000e67a400000)]
  0x000002677dbd49b0 JavaThread "Catalina-utility-1" [_thread_blocked, id=10768, stack(0x000000e67a800000,0x000000e67a900000)]
  0x000002677dbd44a0 JavaThread "Catalina-utility-2" [_thread_blocked, id=5348, stack(0x000000e67aa00000,0x000000e67ab00000)]
  0x000002677e9ffee0 JavaThread "container-0" [_thread_blocked, id=10804, stack(0x000000e67ab00000,0x000000e67ac00000)]
  0x000002677e9fe080 JavaThread "mysql-cj-abandoned-connection-cleanup" daemon [_thread_blocked, id=2332, stack(0x000000e67ac00000,0x000000e67ad00000)]
  0x000002677ea003f0 JavaThread "HikariPool-1:housekeeper" daemon [_thread_blocked, id=10816, stack(0x000000e67ae00000,0x000000e67af00000)]
  0x000002677e9fe590 JavaThread "File Watcher" daemon [_thread_blocked, id=8068, stack(0x000000e67b000000,0x000000e67b100000)]
  0x000002677ea02250 JavaThread "http-nio-8080-exec-1" daemon [_thread_blocked, id=6080, stack(0x000000e67af00000,0x000000e67b000000)]
  0x000002677e9feaa0 JavaThread "http-nio-8080-exec-2" daemon [_thread_blocked, id=4372, stack(0x000000e67b100000,0x000000e67b200000)]
  0x000002677ea00900 JavaThread "http-nio-8080-exec-3" daemon [_thread_blocked, id=2764, stack(0x000000e67b200000,0x000000e67b300000)]
  0x000002677ea00e10 JavaThread "http-nio-8080-exec-4" daemon [_thread_blocked, id=2900, stack(0x000000e67b300000,0x000000e67b400000)]
  0x000002677ea01320 JavaThread "http-nio-8080-exec-5" daemon [_thread_blocked, id=13268, stack(0x000000e67b400000,0x000000e67b500000)]
  0x000002677ea02760 JavaThread "http-nio-8080-exec-6" daemon [_thread_blocked, id=4812, stack(0x000000e67b500000,0x000000e67b600000)]
  0x000002677e9fefb0 JavaThread "http-nio-8080-exec-7" daemon [_thread_blocked, id=10120, stack(0x000000e67b600000,0x000000e67b700000)]
  0x000002677ea02c70 JavaThread "http-nio-8080-exec-8" daemon [_thread_blocked, id=10280, stack(0x000000e67b700000,0x000000e67b800000)]
  0x000002677e9ff4c0 JavaThread "http-nio-8080-exec-9" daemon [_thread_blocked, id=8436, stack(0x000000e67b800000,0x000000e67b900000)]
  0x000002677ea03180 JavaThread "http-nio-8080-exec-10" daemon [_thread_blocked, id=3984, stack(0x000000e67b900000,0x000000e67ba00000)]
  0x000002677ea03690 JavaThread "http-nio-8080-Poller" daemon [_thread_blocked, id=10920, stack(0x000000e67ba00000,0x000000e67bb00000)]
  0x000002677ea03ba0 JavaThread "http-nio-8080-Acceptor" daemon [_thread_in_native, id=4712, stack(0x000000e67bb00000,0x000000e67bc00000)]
  0x000002677ea05a00 JavaThread "DestroyJavaVM" [_thread_blocked, id=1600, stack(0x000000e678700000,0x000000e678800000)]
  0x000002677ea054f0 JavaThread "RMI TCP Connection(28)-127.0.0.1" daemon [_thread_blocked, id=7600, stack(0x000000e67be00000,0x000000e67bf00000)]
  0x000002677dbd3f90 JavaThread "HikariPool-1:connection-closer" daemon [_thread_blocked, id=6880, stack(0x000000e678500000,0x000000e678600000)]
  0x000002677ea045c0 JavaThread "HikariPool-1:connection-adder" daemon [_thread_blocked, id=8528, stack(0x000000e678600000,0x000000e678700000)]

Other Threads:
  0x00000267378b1cd0 VMThread "VM Thread" [stack: 0x000000e678d00000,0x000000e678e00000] [id=10604]
  0x0000026725e43710 WatcherThread [stack: 0x000000e67a100000,0x000000e67a200000] [id=12324]
  0x0000026725e9ec50 GCTaskThread "GC Thread#0" [stack: 0x000000e678800000,0x000000e678900000] [id=4888]
=>0x000002677d3e2030 GCTaskThread "GC Thread#1" [stack: 0x000000e679d00000,0x000000e679e00000] [id=836]
  0x000002677d3fed90 GCTaskThread "GC Thread#2" [stack: 0x000000e679e00000,0x000000e679f00000] [id=11984]
  0x000002677d40eb20 GCTaskThread "GC Thread#3" [stack: 0x000000e679f00000,0x000000e67a000000] [id=7852]
  0x0000026725eaf7f0 ConcurrentGCThread "G1 Main Marker" [stack: 0x000000e678900000,0x000000e678a00000] [id=8780]
  0x0000026725eb0130 ConcurrentGCThread "G1 Conc#0" [stack: 0x000000e678a00000,0x000000e678b00000] [id=10620]
  0x0000026725edecc0 ConcurrentGCThread "G1 Refine#0" [stack: 0x000000e678b00000,0x000000e678c00000] [id=10224]
  0x000002677d40de30 ConcurrentGCThread "G1 Refine#1" [stack: 0x000000e67a000000,0x000000e67a100000] [id=3188]
  0x0000026737766740 ConcurrentGCThread "G1 Service" [stack: 0x000000e678c00000,0x000000e678d00000] [id=5420]

Threads with active compile tasks:

VM state: at safepoint (normal execution)

VM Mutex/Monitor currently owned by a thread:  ([mutex/lock_event])
[0x0000026725e3de50] Threads_lock - owner thread: 0x00000267378b1cd0
[0x0000026725e3d5e0] Heap_lock - owner thread: 0x000002677ea045c0

Heap address: 0x0000000081600000, size: 2026 MB, Compressed Oops mode: 32-bit

CDS archive(s) mapped at: [0x0000026738000000-0x0000026738bb0000-0x0000026738bb0000), size 12255232, SharedBaseAddress: 0x0000026738000000, ArchiveRelocationMode: 1.
Compressed class space mapped at: 0x0000026739000000-0x0000026779000000, reserved size: 1073741824
Narrow klass base: 0x0000026738000000, Narrow klass shift: 0, Narrow klass range: 0x100000000

GC Precious Log:
 CPUs: 4 total, 4 available
 Memory: 8097M
 Large Page Support: Disabled
 NUMA Support: Disabled
 Compressed Oops: Enabled (32-bit)
 Heap Region Size: 1M
 Heap Min Capacity: 8M
 Heap Initial Capacity: 128M
 Heap Max Capacity: 2026M
 Pre-touch: Disabled
 Parallel Workers: 4
 Concurrent Workers: 1
 Concurrent Refinement Workers: 4
 Periodic GC: Disabled

Heap:
 garbage-first heap   total 86016K, used 70308K [0x0000000081600000, 0x0000000100000000)
  region size 1024K, 36 young (36864K), 1 survivors (1024K)
 Metaspace       used 75841K, committed 76800K, reserved 1179648K
  class space    used 11041K, committed 11456K, reserved 1048576K

Heap Regions: E=young(eden), S=young(survivor), O=old, HS=humongous(starts), HC=humongous(continues), CS=collection set, F=free, OA=open archive, CA=closed archive, TAMS=top-at-mark-start (previous, next)
|   0|0x0000000081600000, 0x0000000081700000, 0x0000000081700000|100%|HS|  |TAMS 0x0000000081700000, 0x0000000081600000| Complete 
|   1|0x0000000081700000, 0x0000000081800000, 0x0000000081800000|100%|HS|  |TAMS 0x0000000081800000, 0x0000000081700000| Complete 
|   2|0x0000000081800000, 0x0000000081900000, 0x0000000081900000|100%| O|  |TAMS 0x0000000081900000, 0x0000000081800000| Untracked 
|   3|0x0000000081900000, 0x0000000081a00000, 0x0000000081a00000|100%| O|  |TAMS 0x0000000081a00000, 0x0000000081900000| Untracked 
|   4|0x0000000081a00000, 0x0000000081b00000, 0x0000000081b00000|100%| O|  |TAMS 0x0000000081b00000, 0x0000000081a00000| Untracked 
|   5|0x0000000081b00000, 0x0000000081c00000, 0x0000000081c00000|100%| O|  |TAMS 0x0000000081c00000, 0x0000000081b00000| Untracked 
|   6|0x0000000081c00000, 0x0000000081d00000, 0x0000000081d00000|100%| O|  |TAMS 0x0000000081d00000, 0x0000000081c00000| Untracked 
|   7|0x0000000081d00000, 0x0000000081e00000, 0x0000000081e00000|100%| O|  |TAMS 0x0000000081e00000, 0x0000000081d00000| Untracked 
|   8|0x0000000081e00000, 0x0000000081f00000, 0x0000000081f00000|100%| O|  |TAMS 0x0000000081f00000, 0x0000000081e00000| Untracked 
|   9|0x0000000081f00000, 0x0000000082000000, 0x0000000082000000|100%| O|  |TAMS 0x0000000082000000, 0x0000000081f00000| Untracked 
|  10|0x0000000082000000, 0x0000000082100000, 0x0000000082100000|100%| O|  |TAMS 0x0000000082100000, 0x0000000082000000| Untracked 
|  11|0x0000000082100000, 0x0000000082200000, 0x0000000082200000|100%| O|  |TAMS 0x0000000082200000, 0x0000000082100000| Untracked 
|  12|0x0000000082200000, 0x0000000082300000, 0x0000000082300000|100%| O|  |TAMS 0x0000000082300000, 0x0000000082200000| Untracked 
|  13|0x0000000082300000, 0x0000000082400000, 0x0000000082400000|100%| O|  |TAMS 0x0000000082400000, 0x0000000082300000| Untracked 
|  14|0x0000000082400000, 0x0000000082500000, 0x0000000082500000|100%| O|  |TAMS 0x0000000082500000, 0x0000000082400000| Untracked 
|  15|0x0000000082500000, 0x0000000082600000, 0x0000000082600000|100%| O|  |TAMS 0x0000000082600000, 0x0000000082500000| Untracked 
|  16|0x0000000082600000, 0x0000000082600000, 0x0000000082700000|  0%| F|  |TAMS 0x0000000082600000, 0x0000000082600000| Untracked 
|  17|0x0000000082700000, 0x0000000082800000, 0x0000000082800000|100%| O|  |TAMS 0x0000000082800000, 0x0000000082700000| Untracked 
|  18|0x0000000082800000, 0x0000000082800000, 0x0000000082900000|  0%| F|  |TAMS 0x0000000082800000, 0x0000000082800000| Untracked 
|  19|0x0000000082900000, 0x0000000082900000, 0x0000000082a00000|  0%| F|  |TAMS 0x0000000082900000, 0x0000000082900000| Untracked 
|  20|0x0000000082a00000, 0x0000000082b00000, 0x0000000082b00000|100%| O|  |TAMS 0x0000000082b00000, 0x0000000082a00000| Untracked 
|  21|0x0000000082b00000, 0x0000000082c00000, 0x0000000082c00000|100%| O|  |TAMS 0x0000000082c00000, 0x0000000082b00000| Untracked 
|  22|0x0000000082c00000, 0x0000000082d00000, 0x0000000082d00000|100%| O|  |TAMS 0x0000000082d00000, 0x0000000082c00000| Untracked 
|  23|0x0000000082d00000, 0x0000000082e00000, 0x0000000082e00000|100%| O|  |TAMS 0x0000000082e00000, 0x0000000082d00000| Untracked 
|  24|0x0000000082e00000, 0x0000000082f00000, 0x0000000082f00000|100%| O|  |TAMS 0x0000000082f00000, 0x0000000082e00000| Untracked 
|  25|0x0000000082f00000, 0x0000000083000000, 0x0000000083000000|100%| O|  |TAMS 0x0000000083000000, 0x0000000082f00000| Untracked 
|  26|0x0000000083000000, 0x0000000083100000, 0x0000000083100000|100%| O|  |TAMS 0x0000000083100000, 0x0000000083000000| Untracked 
|  27|0x0000000083100000, 0x0000000083200000, 0x0000000083200000|100%| O|  |TAMS 0x0000000083200000, 0x0000000083100000| Untracked 
|  28|0x0000000083200000, 0x0000000083300000, 0x0000000083300000|100%| O|  |TAMS 0x0000000083300000, 0x0000000083200000| Untracked 
|  29|0x0000000083300000, 0x0000000083400000, 0x0000000083400000|100%| O|  |TAMS 0x0000000083400000, 0x0000000083300000| Untracked 
|  30|0x0000000083400000, 0x0000000083500000, 0x0000000083500000|100%| O|  |TAMS 0x0000000083500000, 0x0000000083400000| Untracked 
|  31|0x0000000083500000, 0x0000000083600000, 0x0000000083600000|100%| O|  |TAMS 0x0000000083600000, 0x0000000083500000| Untracked 
|  32|0x0000000083600000, 0x0000000083700000, 0x0000000083700000|100%| O|  |TAMS 0x0000000083611200, 0x0000000083600000| Untracked 
|  33|0x0000000083700000, 0x0000000083800000, 0x0000000083800000|100%| O|  |TAMS 0x0000000083700000, 0x0000000083700000| Untracked 
|  34|0x0000000083800000, 0x0000000083900000, 0x0000000083900000|100%| O|  |TAMS 0x0000000083800000, 0x0000000083800000| Untracked 
|  35|0x0000000083900000, 0x0000000083a00000, 0x0000000083a00000|100%| O|  |TAMS 0x0000000083900000, 0x0000000083900000| Untracked 
|  36|0x0000000083a00000, 0x0000000083a13c00, 0x0000000083b00000|  7%| O|  |TAMS 0x0000000083a00000, 0x0000000083a00000| Untracked 
|  37|0x0000000083b00000, 0x0000000083b00000, 0x0000000083c00000|  0%| F|  |TAMS 0x0000000083b00000, 0x0000000083b00000| Untracked 
|  38|0x0000000083c00000, 0x0000000083c00000, 0x0000000083d00000|  0%| F|  |TAMS 0x0000000083c00000, 0x0000000083c00000| Untracked 
|  39|0x0000000083d00000, 0x0000000083d00000, 0x0000000083e00000|  0%| F|  |TAMS 0x0000000083d00000, 0x0000000083d00000| Untracked 
|  40|0x0000000083e00000, 0x0000000083e00000, 0x0000000083f00000|  0%| F|  |TAMS 0x0000000083e00000, 0x0000000083e00000| Untracked 
|  41|0x0000000083f00000, 0x0000000083f00000, 0x0000000084000000|  0%| F|  |TAMS 0x0000000083f00000, 0x0000000083f00000| Untracked 
|  42|0x0000000084000000, 0x0000000084000000, 0x0000000084100000|  0%| F|  |TAMS 0x0000000084000000, 0x0000000084000000| Untracked 
|  43|0x0000000084100000, 0x0000000084100000, 0x0000000084200000|  0%| F|  |TAMS 0x0000000084100000, 0x0000000084100000| Untracked 
|  44|0x0000000084200000, 0x0000000084200000, 0x0000000084300000|  0%| F|  |TAMS 0x0000000084200000, 0x0000000084200000| Untracked 
|  45|0x0000000084300000, 0x0000000084300000, 0x0000000084400000|  0%| F|  |TAMS 0x0000000084300000, 0x0000000084300000| Untracked 
|  46|0x0000000084400000, 0x0000000084400000, 0x0000000084500000|  0%| F|  |TAMS 0x0000000084400000, 0x0000000084400000| Untracked 
|  47|0x0000000084500000, 0x00000000845e83d0, 0x0000000084600000| 90%| S|  |TAMS 0x0000000084500000, 0x0000000084500000| Complete 
|  48|0x0000000084600000, 0x0000000084700000, 0x0000000084700000|100%| E|CS|TAMS 0x0000000084600000, 0x0000000084600000| Complete 
|  49|0x0000000084700000, 0x0000000084800000, 0x0000000084800000|100%| E|CS|TAMS 0x0000000084700000, 0x0000000084700000| Complete 
|  50|0x0000000084800000, 0x0000000084900000, 0x0000000084900000|100%| E|CS|TAMS 0x0000000084800000, 0x0000000084800000| Complete 
|  51|0x0000000084900000, 0x0000000084a00000, 0x0000000084a00000|100%| E|CS|TAMS 0x0000000084900000, 0x0000000084900000| Complete 
|  52|0x0000000084a00000, 0x0000000084b00000, 0x0000000084b00000|100%| E|CS|TAMS 0x0000000084a00000, 0x0000000084a00000| Complete 
|  53|0x0000000084b00000, 0x0000000084c00000, 0x0000000084c00000|100%| E|CS|TAMS 0x0000000084b00000, 0x0000000084b00000| Complete 
|  54|0x0000000084c00000, 0x0000000084d00000, 0x0000000084d00000|100%| E|CS|TAMS 0x0000000084c00000, 0x0000000084c00000| Complete 
|  55|0x0000000084d00000, 0x0000000084e00000, 0x0000000084e00000|100%| E|CS|TAMS 0x0000000084d00000, 0x0000000084d00000| Complete 
|  56|0x0000000084e00000, 0x0000000084f00000, 0x0000000084f00000|100%| E|CS|TAMS 0x0000000084e00000, 0x0000000084e00000| Complete 
|  57|0x0000000084f00000, 0x0000000085000000, 0x0000000085000000|100%| E|CS|TAMS 0x0000000084f00000, 0x0000000084f00000| Complete 
|  58|0x0000000085000000, 0x0000000085100000, 0x0000000085100000|100%| E|CS|TAMS 0x0000000085000000, 0x0000000085000000| Complete 
|  59|0x0000000085100000, 0x0000000085200000, 0x0000000085200000|100%| E|CS|TAMS 0x0000000085100000, 0x0000000085100000| Complete 
|  60|0x0000000085200000, 0x0000000085300000, 0x0000000085300000|100%| E|CS|TAMS 0x0000000085200000, 0x0000000085200000| Complete 
|  61|0x0000000085300000, 0x0000000085400000, 0x0000000085400000|100%| E|CS|TAMS 0x0000000085300000, 0x0000000085300000| Complete 
|  62|0x0000000085400000, 0x0000000085500000, 0x0000000085500000|100%| E|CS|TAMS 0x0000000085400000, 0x0000000085400000| Complete 
|  63|0x0000000085500000, 0x0000000085600000, 0x0000000085600000|100%| E|CS|TAMS 0x0000000085500000, 0x0000000085500000| Complete 
|  64|0x0000000085600000, 0x0000000085700000, 0x0000000085700000|100%| E|CS|TAMS 0x0000000085600000, 0x0000000085600000| Complete 
|  65|0x0000000085700000, 0x0000000085800000, 0x0000000085800000|100%| E|CS|TAMS 0x0000000085700000, 0x0000000085700000| Complete 
|  66|0x0000000085800000, 0x0000000085900000, 0x0000000085900000|100%| E|CS|TAMS 0x0000000085800000, 0x0000000085800000| Complete 
|  67|0x0000000085900000, 0x0000000085a00000, 0x0000000085a00000|100%| E|CS|TAMS 0x0000000085900000, 0x0000000085900000| Complete 
|  68|0x0000000085a00000, 0x0000000085b00000, 0x0000000085b00000|100%| E|CS|TAMS 0x0000000085a00000, 0x0000000085a00000| Complete 
|  69|0x0000000085b00000, 0x0000000085c00000, 0x0000000085c00000|100%| E|CS|TAMS 0x0000000085b00000, 0x0000000085b00000| Complete 
|  70|0x0000000085c00000, 0x0000000085d00000, 0x0000000085d00000|100%| E|CS|TAMS 0x0000000085c00000, 0x0000000085c00000| Complete 
|  71|0x0000000085d00000, 0x0000000085e00000, 0x0000000085e00000|100%| E|CS|TAMS 0x0000000085d00000, 0x0000000085d00000| Complete 
|  72|0x0000000085e00000, 0x0000000085f00000, 0x0000000085f00000|100%| E|CS|TAMS 0x0000000085e00000, 0x0000000085e00000| Complete 
|  73|0x0000000085f00000, 0x0000000086000000, 0x0000000086000000|100%| E|CS|TAMS 0x0000000085f00000, 0x0000000085f00000| Complete 
|  74|0x0000000086000000, 0x0000000086100000, 0x0000000086100000|100%| E|CS|TAMS 0x0000000086000000, 0x0000000086000000| Complete 
|  75|0x0000000086100000, 0x0000000086200000, 0x0000000086200000|100%| E|CS|TAMS 0x0000000086100000, 0x0000000086100000| Complete 
|  76|0x0000000086200000, 0x0000000086300000, 0x0000000086300000|100%| E|CS|TAMS 0x0000000086200000, 0x0000000086200000| Complete 
|  77|0x0000000086300000, 0x0000000086400000, 0x0000000086400000|100%| E|CS|TAMS 0x0000000086300000, 0x0000000086300000| Complete 
|  78|0x0000000086400000, 0x0000000086500000, 0x0000000086500000|100%| E|CS|TAMS 0x0000000086400000, 0x0000000086400000| Complete 
|  79|0x0000000086500000, 0x0000000086600000, 0x0000000086600000|100%| E|CS|TAMS 0x0000000086500000, 0x0000000086500000| Complete 
|  80|0x0000000086600000, 0x0000000086700000, 0x0000000086700000|100%| E|CS|TAMS 0x0000000086600000, 0x0000000086600000| Complete 
|  81|0x0000000086700000, 0x0000000086795410, 0x0000000086800000| 58%| E|CS|TAMS 0x0000000086700000, 0x0000000086700000| Complete 
| 126|0x0000000089400000, 0x0000000089500000, 0x0000000089500000|100%| E|CS|TAMS 0x0000000089400000, 0x0000000089400000| Complete 
| 127|0x0000000089500000, 0x0000000089600000, 0x0000000089600000|100%| E|CS|TAMS 0x0000000089500000, 0x0000000089500000| Complete 

Card table byte_map: [0x0000026730da0000,0x00000267311a0000] _byte_map_base: 0x0000026730995000

Marking Bits (Prev, Next): (CMBitMap*) 0x0000026725e9f1c0, (CMBitMap*) 0x0000026725e9f180
 Prev Bits: [0x0000026733550000, 0x00000267354f8000)
 Next Bits: [0x00000267315a0000, 0x0000026733548000)

Polling page: 0x00000267255e0000

Metaspace:

Usage:
  Non-class:     63.28 MB used.
      Class:     10.78 MB used.
       Both:     74.06 MB used.

Virtual space:
  Non-class space:      128.00 MB reserved,      63.81 MB ( 50%) committed,  2 nodes.
      Class space:        1.00 GB reserved,      11.19 MB (  1%) committed,  1 nodes.
             Both:        1.12 GB reserved,      75.00 MB (  7%) committed. 

Chunk freelists:
   Non-Class:  14.73 MB
       Class:  4.91 MB
        Both:  19.65 MB

MaxMetaspaceSize: unlimited
CompressedClassSpaceSize: 1.00 GB
Initial GC threshold: 21.00 MB
Current GC threshold: 124.94 MB
CDS: on
MetaspaceReclaimPolicy: balanced
 - commit_granule_bytes: 65536.
 - commit_granule_words: 8192.
 - virtual_space_node_default_size: 8388608.
 - enlarge_chunks_in_place: 1.
 - new_chunks_are_fully_committed: 0.
 - uncommit_free_chunks: 1.
 - use_allocation_guard: 0.
 - handle_deallocations: 1.


Internal statistics:

num_allocs_failed_limit: 15.
num_arena_births: 942.
num_arena_deaths: 304.
num_vsnodes_births: 3.
num_vsnodes_deaths: 0.
num_space_committed: 1200.
num_space_uncommitted: 0.
num_chunks_returned_to_freelist: 369.
num_chunks_taken_from_freelist: 3687.
num_chunk_merges: 134.
num_chunk_splits: 2654.
num_chunks_enlarged: 2045.
num_inconsistent_stats: 0.

CodeCache: size=49152Kb used=13000Kb max_used=13873Kb free=36151Kb
 bounds [0x000002672d9a0000, 0x000002672e750000, 0x00000267309a0000]
 total_blobs=8178 nmethods=7466 adapters=638
 compilation: enabled
              stopped_count=0, restarted_count=0
 full_count=0

Compilation events (20 events):
Event: 147062.668 Thread 0x00000267378d3330 7457       1       sun.security.ssl.SSLCipher$T13GcmWriteCipherGenerator$GcmWriteCipher::calculatePacketSize (9 bytes)
Event: 147062.668 Thread 0x00000267378d3330 nmethod 7457 0x000002672db36710 code [0x000002672db368a0, 0x000002672db36978]
Event: 147062.668 Thread 0x00000267378d3330 7459       1       javax.crypto.Cipher::getOutputSize (53 bytes)
Event: 147062.669 Thread 0x00000267378d3330 nmethod 7459 0x000002672db36190 code [0x000002672db36360, 0x000002672db36618]
Event: 147062.669 Thread 0x00000267378d3330 7456   !   1       java.nio.ByteBuffer::putBuffer (142 bytes)
Event: 147062.670 Thread 0x00000267378d3330 nmethod 7456 0x000002672db35790 code [0x000002672db359a0, 0x000002672db35dd8]
Event: 147062.670 Thread 0x00000267378d3330 7460       1       com.sun.crypto.provider.GaloisCounterMode::engineGetOutputSize (14 bytes)
Event: 147062.671 Thread 0x00000267378d3330 nmethod 7460 0x000002672db35410 code [0x000002672db355c0, 0x000002672db356d8]
Event: 147062.671 Thread 0x00000267378d3330 7461       1       java.nio.HeapByteBuffer::put (12 bytes)
Event: 147062.671 Thread 0x00000267378d3330 nmethod 7461 0x000002672db35010 code [0x000002672db351c0, 0x000002672db35328]
Event: 147062.813 Thread 0x00000267378d3330 7462       1       sun.security.ec.XDHPublicKeyImpl::swap (15 bytes)
Event: 147062.814 Thread 0x00000267378d3330 nmethod 7462 0x000002672db34c90 code [0x000002672db34e20, 0x000002672db34f18]
Event: 147062.814 Thread 0x00000267378d3330 7463       1       sun.security.ssl.Utilities::swap (15 bytes)
Event: 147062.814 Thread 0x00000267378d3330 nmethod 7463 0x000002672db34910 code [0x000002672db34aa0, 0x000002672db34b98]
Event: 147062.883 Thread 0x00000267378d3330 7464       1       sun.security.ssl.SSLExtension::produce (30 bytes)
Event: 147062.884 Thread 0x00000267378d3330 nmethod 7464 0x000002672db34510 code [0x000002672db346c0, 0x000002672db34858]
Event: 147062.889 Thread 0x00000267378d3330 7465       1       sun.security.util.math.intpoly.IntegerPolynomial::getSize (5 bytes)
Event: 147062.890 Thread 0x00000267378d3330 nmethod 7465 0x000002672db34210 code [0x000002672db343a0, 0x000002672db34478]
Event: 147062.890 Thread 0x00000267378d3330 7466       1       sun.security.util.math.intpoly.IntegerPolynomial::carry (36 bytes)
Event: 147062.890 Thread 0x00000267378d3330 nmethod 7466 0x000002672db33d90 code [0x000002672db33f20, 0x000002672db34098]

GC Heap History (20 events):
Event: 8.134 GC heap after
{Heap after GC invocations=11 (full 0):
 garbage-first heap   total 88064K, used 22545K [0x0000000081600000, 0x0000000100000000)
  region size 1024K, 3 young (3072K), 3 survivors (3072K)
 Metaspace       used 35663K, committed 36160K, reserved 1114112K
  class space    used 5020K, committed 5248K, reserved 1048576K
}
Event: 9.452 GC heap before
{Heap before GC invocations=12 (full 0):
 garbage-first heap   total 86016K, used 67601K [0x0000000081600000, 0x0000000100000000)
  region size 1024K, 47 young (48128K), 3 survivors (3072K)
 Metaspace       used 44337K, committed 44864K, reserved 1114112K
  class space    used 6498K, committed 6784K, reserved 1048576K
}
Event: 9.464 GC heap after
{Heap after GC invocations=13 (full 0):
 garbage-first heap   total 86016K, used 25291K [0x0000000081600000, 0x0000000100000000)
  region size 1024K, 6 young (6144K), 6 survivors (6144K)
 Metaspace       used 44337K, committed 44864K, reserved 1114112K
  class space    used 6498K, committed 6784K, reserved 1048576K
}
Event: 11.202 GC heap before
{Heap before GC invocations=14 (full 0):
 garbage-first heap   total 86016K, used 66251K [0x0000000081600000, 0x0000000100000000)
  region size 1024K, 46 young (47104K), 6 survivors (6144K)
 Metaspace       used 55085K, committed 55616K, reserved 1114112K
  class space    used 7890K, committed 8128K, reserved 1048576K
}
Event: 11.221 GC heap after
{Heap after GC invocations=15 (full 0):
 garbage-first heap   total 86016K, used 28419K [0x0000000081600000, 0x0000000100000000)
  region size 1024K, 6 young (6144K), 6 survivors (6144K)
 Metaspace       used 55085K, committed 55616K, reserved 1114112K
  class space    used 7890K, committed 8128K, reserved 1048576K
}
Event: 12.789 GC heap before
{Heap before GC invocations=15 (full 0):
 garbage-first heap   total 86016K, used 65283K [0x0000000081600000, 0x0000000100000000)
  region size 1024K, 43 young (44032K), 6 survivors (6144K)
 Metaspace       used 61864K, committed 62400K, reserved 1114112K
  class space    used 8981K, committed 9216K, reserved 1048576K
}
Event: 12.800 GC heap after
{Heap after GC invocations=16 (full 0):
 garbage-first heap   total 86016K, used 29273K [0x0000000081600000, 0x0000000100000000)
  region size 1024K, 4 young (4096K), 4 survivors (4096K)
 Metaspace       used 61864K, committed 62400K, reserved 1114112K
  class space    used 8981K, committed 9216K, reserved 1048576K
}
Event: 14.204 GC heap before
{Heap before GC invocations=16 (full 0):
 garbage-first heap   total 86016K, used 68185K [0x0000000081600000, 0x0000000100000000)
  region size 1024K, 42 young (43008K), 4 survivors (4096K)
 Metaspace       used 69400K, committed 70016K, reserved 1114112K
  class space    used 10064K, committed 10368K, reserved 1048576K
}
Event: 14.217 GC heap after
{Heap after GC invocations=17 (full 0):
 garbage-first heap   total 86016K, used 32240K [0x0000000081600000, 0x0000000100000000)
  region size 1024K, 4 young (4096K), 4 survivors (4096K)
 Metaspace       used 69400K, committed 70016K, reserved 1114112K
  class space    used 10064K, committed 10368K, reserved 1048576K
}
Event: 15.281 GC heap before
{Heap before GC invocations=17 (full 0):
 garbage-first heap   total 86016K, used 68080K [0x0000000081600000, 0x0000000100000000)
  region size 1024K, 39 young (39936K), 4 survivors (4096K)
 Metaspace       used 72953K, committed 73536K, reserved 1114112K
  class space    used 10594K, committed 10880K, reserved 1048576K
}
Event: 15.296 GC heap after
{Heap after GC invocations=18 (full 0):
 garbage-first heap   total 86016K, used 34528K [0x0000000081600000, 0x0000000100000000)
  region size 1024K, 5 young (5120K), 5 survivors (5120K)
 Metaspace       used 72953K, committed 73536K, reserved 1114112K
  class space    used 10594K, committed 10880K, reserved 1048576K
}
Event: 15.777 GC heap before
{Heap before GC invocations=18 (full 0):
 garbage-first heap   total 86016K, used 48864K [0x0000000081600000, 0x0000000100000000)
  region size 1024K, 20 young (20480K), 5 survivors (5120K)
 Metaspace       used 74846K, committed 75456K, reserved 1114112K
  class space    used 10871K, committed 11200K, reserved 1048576K
}
Event: 15.789 GC heap after
{Heap after GC invocations=19 (full 0):
 garbage-first heap   total 86016K, used 36019K [0x0000000081600000, 0x0000000100000000)
  region size 1024K, 4 young (4096K), 4 survivors (4096K)
 Metaspace       used 74846K, committed 75456K, reserved 1114112K
  class space    used 10871K, committed 11200K, reserved 1048576K
}
Event: 318.467 GC heap before
{Heap before GC invocations=20 (full 0):
 garbage-first heap   total 86016K, used 66739K [0x0000000081600000, 0x0000000100000000)
  region size 1024K, 35 young (35840K), 4 survivors (4096K)
 Metaspace       used 76117K, committed 76736K, reserved 1179648K
  class space    used 11103K, committed 11392K, reserved 1048576K
}
Event: 318.492 GC heap after
{Heap after GC invocations=21 (full 0):
 garbage-first heap   total 86016K, used 36358K [0x0000000081600000, 0x0000000100000000)
  region size 1024K, 2 young (2048K), 2 survivors (2048K)
 Metaspace       used 76117K, committed 76736K, reserved 1179648K
  class space    used 11103K, committed 11392K, reserved 1048576K
}
Event: 823.352 GC heap before
{Heap before GC invocations=22 (full 0):
 garbage-first heap   total 86016K, used 69126K [0x0000000081600000, 0x0000000100000000)
  region size 1024K, 34 young (34816K), 2 survivors (2048K)
 Metaspace       used 75775K, committed 76736K, reserved 1179648K
  class space    used 11028K, committed 11392K, reserved 1048576K
}
Event: 823.362 GC heap after
{Heap after GC invocations=23 (full 0):
 garbage-first heap   total 86016K, used 35765K [0x0000000081600000, 0x0000000100000000)
  region size 1024K, 2 young (2048K), 2 survivors (2048K)
 Metaspace       used 75775K, committed 76736K, reserved 1179648K
  class space    used 11028K, committed 11392K, reserved 1048576K
}
Event: 854.936 GC heap before
{Heap before GC invocations=23 (full 0):
 garbage-first heap   total 86016K, used 37813K [0x0000000081600000, 0x0000000100000000)
  region size 1024K, 4 young (4096K), 2 survivors (2048K)
 Metaspace       used 75775K, committed 76736K, reserved 1179648K
  class space    used 11028K, committed 11392K, reserved 1048576K
}
Event: 854.954 GC heap after
{Heap after GC invocations=24 (full 0):
 garbage-first heap   total 86016K, used 34468K [0x0000000081600000, 0x0000000100000000)
  region size 1024K, 1 young (1024K), 1 survivors (1024K)
 Metaspace       used 75775K, committed 76736K, reserved 1179648K
  class space    used 11028K, committed 11392K, reserved 1048576K
}
Event: 147062.948 GC heap before
{Heap before GC invocations=24 (full 0):
 garbage-first heap   total 86016K, used 70308K [0x0000000081600000, 0x0000000100000000)
  region size 1024K, 36 young (36864K), 1 survivors (1024K)
 Metaspace       used 75841K, committed 76800K, reserved 1179648K
  class space    used 11041K, committed 11456K, reserved 1048576K
}

Dll operation events (10 events):
Event: 0.040 Loaded shared library C:\Program Files\Eclipse Adoptium\jdk-17.0.17.10-hotspot\bin\java.dll
Event: 0.111 Loaded shared library C:\Program Files\Eclipse Adoptium\jdk-17.0.17.10-hotspot\bin\jsvml.dll
Event: 0.643 Loaded shared library C:\Program Files\Eclipse Adoptium\jdk-17.0.17.10-hotspot\bin\jimage.dll
Event: 0.681 Loaded shared library C:\Program Files\Eclipse Adoptium\jdk-17.0.17.10-hotspot\bin\net.dll
Event: 0.686 Loaded shared library C:\Program Files\Eclipse Adoptium\jdk-17.0.17.10-hotspot\bin\nio.dll
Event: 0.701 Loaded shared library C:\Program Files\Eclipse Adoptium\jdk-17.0.17.10-hotspot\bin\zip.dll
Event: 1.139 Loaded shared library C:\Program Files\Eclipse Adoptium\jdk-17.0.17.10-hotspot\bin\management.dll
Event: 1.191 Loaded shared library C:\Program Files\Eclipse Adoptium\jdk-17.0.17.10-hotspot\bin\management_ext.dll
Event: 1.794 Loaded shared library C:\Program Files\Eclipse Adoptium\jdk-17.0.17.10-hotspot\bin\extnet.dll
Event: 4.444 Loaded shared library C:\Program Files\Eclipse Adoptium\jdk-17.0.17.10-hotspot\bin\sunmscapi.dll

Deoptimization events (0 events):
No events

Classes loaded (20 events):
Event: 35.553 Loading class sun/nio/cs/Surrogate$Parser
Event: 35.553 Loading class sun/nio/cs/Surrogate$Parser done
Event: 35.553 Loading class sun/nio/cs/Surrogate
Event: 35.553 Loading class sun/nio/cs/Surrogate done
Event: 35.553 Loading class java/nio/StringCharBuffer
Event: 35.553 Loading class java/nio/StringCharBuffer done
Event: 42.748 Loading class java/util/Base64
Event: 42.749 Loading class java/util/Base64 done
Event: 42.749 Loading class java/util/Base64$Decoder
Event: 42.750 Loading class java/util/Base64$Decoder done
Event: 42.750 Loading class java/util/Base64$Encoder
Event: 42.751 Loading class java/util/Base64$Encoder done
Event: 147050.990 Loading class sun/security/ssl/Alert
Event: 147052.993 Loading class sun/security/ssl/Alert done
Event: 147052.998 Loading class sun/security/ssl/Alert$AlertConsumer
Event: 147053.082 Loading class sun/security/ssl/Alert$AlertConsumer done
Event: 147053.082 Loading class sun/security/ssl/Alert$Level
Event: 147053.082 Loading class sun/security/ssl/Alert$Level done
Event: 147053.568 Loading class sun/net/ConnectionResetException
Event: 147053.568 Loading class sun/net/ConnectionResetException done

Classes unloaded (20 events):
Event: 318.576 Thread 0x00000267378b1cd0 Unloading class 0x00000267390c1800 'java/lang/invoke/LambdaForm$MH+0x00000267390c1800'
Event: 318.576 Thread 0x00000267378b1cd0 Unloading class 0x00000267390c0800 'jdk/internal/reflect/GeneratedSerializationConstructorAccessor3'
Event: 318.576 Thread 0x00000267378b1cd0 Unloading class 0x00000267390c0400 'jdk/internal/reflect/GeneratedSerializationConstructorAccessor2'
Event: 318.576 Thread 0x00000267378b1cd0 Unloading class 0x00000267390c0000 'jdk/internal/reflect/GeneratedSerializationConstructorAccessor1'
Event: 318.576 Thread 0x00000267378b1cd0 Unloading class 0x0000026739008800 'java/lang/invoke/LambdaForm$DMH+0x0000026739008800'
Event: 318.576 Thread 0x00000267378b1cd0 Unloading class 0x0000026739008000 'java/lang/invoke/LambdaForm$DMH+0x0000026739008000'
Event: 318.576 Thread 0x00000267378b1cd0 Unloading class 0x0000026739007400 'jdk/internal/reflect/GeneratedConstructorAccessor1'
Event: 318.576 Thread 0x00000267378b1cd0 Unloading class 0x0000026739006800 'java/lang/invoke/LambdaForm$MH+0x0000026739006800'
Event: 318.576 Thread 0x00000267378b1cd0 Unloading class 0x0000026739006400 'java/lang/invoke/LambdaForm$MH+0x0000026739006400'
Event: 318.576 Thread 0x00000267378b1cd0 Unloading class 0x0000026739006000 'java/lang/invoke/LambdaForm$MH+0x0000026739006000'
Event: 318.576 Thread 0x00000267378b1cd0 Unloading class 0x0000026739005c00 'java/lang/invoke/LambdaForm$MH+0x0000026739005c00'
Event: 318.576 Thread 0x00000267378b1cd0 Unloading class 0x0000026739005800 'java/lang/invoke/LambdaForm$MH+0x0000026739005800'
Event: 318.576 Thread 0x00000267378b1cd0 Unloading class 0x0000026739005400 'java/lang/invoke/LambdaForm$MH+0x0000026739005400'
Event: 318.576 Thread 0x00000267378b1cd0 Unloading class 0x0000026739004400 'java/lang/invoke/LambdaForm$MH+0x0000026739004400'
Event: 318.576 Thread 0x00000267378b1cd0 Unloading class 0x0000026739004000 'java/lang/invoke/LambdaForm$MH+0x0000026739004000'
Event: 318.576 Thread 0x00000267378b1cd0 Unloading class 0x0000026739003800 'java/lang/invoke/LambdaForm$MH+0x0000026739003800'
Event: 318.576 Thread 0x00000267378b1cd0 Unloading class 0x0000026739002c00 'java/lang/invoke/LambdaForm$MH+0x0000026739002c00'
Event: 318.576 Thread 0x00000267378b1cd0 Unloading class 0x0000026739002400 'java/lang/invoke/LambdaForm$MH+0x0000026739002400'
Event: 318.576 Thread 0x00000267378b1cd0 Unloading class 0x0000026739001c00 'java/lang/invoke/LambdaForm$MH+0x0000026739001c00'
Event: 318.576 Thread 0x00000267378b1cd0 Unloading class 0x0000026739001400 'java/lang/invoke/LambdaForm$MH+0x0000026739001400'

Classes redefined (0 events):
No events

Internal exceptions (20 events):
Event: 147053.389 Thread 0x000002677dbd3f90 Exception <a 'java/io/IOException'{0x0000000085212d58}> (0x0000000085212d58) 
thrown [s\src\hotspot\share\prims\jni.cpp, line 516]
Event: 147053.568 Thread 0x000002677dbd3f90 Exception <a 'java/io/IOException'{0x0000000085213898}> (0x0000000085213898) 
thrown [s\src\hotspot\share\prims\jni.cpp, line 516]
Event: 147053.573 Thread 0x000002677dbd3f90 Exception <a 'java/io/IOException'{0x0000000085218c78}> (0x0000000085218c78) 
thrown [s\src\hotspot\share\prims\jni.cpp, line 516]
Event: 147053.573 Thread 0x000002677dbd3f90 Exception <a 'java/io/IOException'{0x00000000852197b8}> (0x00000000852197b8) 
thrown [s\src\hotspot\share\prims\jni.cpp, line 516]
Event: 147053.725 Thread 0x000002677dbd3f90 Exception <a 'java/io/IOException'{0x000000008521c2f0}> (0x000000008521c2f0) 
thrown [s\src\hotspot\share\prims\jni.cpp, line 516]
Event: 147053.725 Thread 0x000002677dbd3f90 Exception <a 'java/io/IOException'{0x000000008521ce30}> (0x000000008521ce30) 
thrown [s\src\hotspot\share\prims\jni.cpp, line 516]
Event: 147060.930 Thread 0x000002677dbd3f90 Exception <a 'java/io/IOException'{0x000000008521f950}> (0x000000008521f950) 
thrown [s\src\hotspot\share\prims\jni.cpp, line 516]
Event: 147060.930 Thread 0x000002677dbd3f90 Exception <a 'java/io/IOException'{0x000000008483ed28}> (0x000000008483ed28) 
thrown [s\src\hotspot\share\prims\jni.cpp, line 516]
Event: 147060.932 Thread 0x000002677dbd3f90 Exception <a 'java/io/IOException'{0x0000000084841848}> (0x0000000084841848) 
thrown [s\src\hotspot\share\prims\jni.cpp, line 516]
Event: 147060.932 Thread 0x000002677dbd3f90 Exception <a 'java/io/IOException'{0x0000000084842388}> (0x0000000084842388) 
thrown [s\src\hotspot\share\prims\jni.cpp, line 516]
Event: 147060.969 Thread 0x000002677dbd3f90 Exception <a 'java/io/IOException'{0x0000000084844ea8}> (0x0000000084844ea8) 
thrown [s\src\hotspot\share\prims\jni.cpp, line 516]
Event: 147060.969 Thread 0x000002677dbd3f90 Exception <a 'java/io/IOException'{0x00000000848459e8}> (0x00000000848459e8) 
thrown [s\src\hotspot\share\prims\jni.cpp, line 516]
Event: 147060.992 Thread 0x000002677dbd3f90 Exception <a 'java/io/IOException'{0x0000000084848508}> (0x0000000084848508) 
thrown [s\src\hotspot\share\prims\jni.cpp, line 516]
Event: 147060.992 Thread 0x000002677dbd3f90 Exception <a 'java/io/IOException'{0x0000000084849048}> (0x0000000084849048) 
thrown [s\src\hotspot\share\prims\jni.cpp, line 516]
Event: 147061.019 Thread 0x000002677dbd3f90 Exception <a 'java/io/IOException'{0x000000008484bb68}> (0x000000008484bb68) 
thrown [s\src\hotspot\share\prims\jni.cpp, line 516]
Event: 147061.019 Thread 0x000002677dbd3f90 Exception <a 'java/io/IOException'{0x000000008484c6a8}> (0x000000008484c6a8) 
thrown [s\src\hotspot\share\prims\jni.cpp, line 516]
Event: 147061.021 Thread 0x000002677dbd3f90 Exception <a 'java/io/IOException'{0x0000000084880018}> (0x0000000084880018) 
thrown [s\src\hotspot\share\prims\jni.cpp, line 516]
Event: 147061.065 Thread 0x000002677dbd3f90 Exception <a 'java/io/IOException'{0x0000000084880b58}> (0x0000000084880b58) 
thrown [s\src\hotspot\share\prims\jni.cpp, line 516]
Event: 147061.067 Thread 0x000002677dbd3f90 Exception <a 'java/io/IOException'{0x0000000084883678}> (0x0000000084883678) 
thrown [s\src\hotspot\share\prims\jni.cpp, line 516]
Event: 147061.067 Thread 0x000002677dbd3f90 Exception <a 'java/io/IOException'{0x00000000848841b8}> (0x00000000848841b8) 
thrown [s\src\hotspot\share\prims\jni.cpp, line 516]

VM Operations (20 events):
Event: 603.334 Executing VM operation: Cleanup done
Event: 658.681 Executing VM operation: Cleanup
Event: 658.681 Executing VM operation: Cleanup done
Event: 823.352 Executing VM operation: G1CollectForAllocation
Event: 823.362 Executing VM operation: G1CollectForAllocation done
Event: 854.936 Executing VM operation: G1CollectForAllocation
Event: 854.954 Executing VM operation: G1CollectForAllocation done
Event: 955.778 Executing VM operation: Cleanup
Event: 955.778 Executing VM operation: Cleanup done
Event: 1120.083 Executing VM operation: Cleanup
Event: 1120.083 Executing VM operation: Cleanup done
Event: 1154.322 Executing VM operation: Cleanup
Event: 1154.322 Executing VM operation: Cleanup done
Event: 147051.583 Executing VM operation: Cleanup
Event: 147052.998 Executing VM operation: Cleanup done
Event: 147054.006 Executing VM operation: Cleanup
Event: 147060.929 Executing VM operation: Cleanup done
Event: 147061.934 Executing VM operation: Cleanup
Event: 147061.950 Executing VM operation: Cleanup done
Event: 147062.947 Executing VM operation: G1CollectForAllocation

Memory protections (0 events):
No events

Nmethod flushes (0 events):
No events

Events (20 events):
Event: 17.461 Thread 0x00000267002a4ed0 Thread exited: 0x00000267002a4ed0
Event: 17.480 Thread 0x000002677dbd3f90 Thread exited: 0x000002677dbd3f90
Event: 18.478 Thread 0x0000026737adddf0 Thread exited: 0x0000026737adddf0
Event: 25.589 Thread 0x0000026737ad1800 Thread exited: 0x0000026737ad1800
Event: 92.359 Thread 0x000002677ea04ad0 Thread exited: 0x000002677ea04ad0
Event: 92.359 Thread 0x000002677ea04fe0 Thread exited: 0x000002677ea04fe0
Event: 92.359 Thread 0x000002677ea040b0 Thread exited: 0x000002677ea040b0
Event: 92.374 Thread 0x000002677d44e730 Thread exited: 0x000002677d44e730
Event: 92.438 Thread 0x000002677ea045c0 Thread exited: 0x000002677ea045c0
Event: 92.438 Thread 0x000002677dbd3570 Thread exited: 0x000002677dbd3570
Event: 92.438 Thread 0x000002677d751b40 Thread exited: 0x000002677d751b40
Event: 954.798 Thread 0x00000267378d3330 Thread added: 0x0000026737addd40
Event: 954.798 Thread 0x00000267378d3330 Thread added: 0x000002677ef59870
Event: 959.807 Thread 0x000002677ef59870 Thread exited: 0x000002677ef59870
Event: 964.752 Thread 0x0000026737addd40 Thread exited: 0x0000026737addd40
Event: 147050.985 Thread 0x000002677ea003f0 Thread added: 0x000002677dbd3f90
Event: 147053.570 Thread 0x000002677dbd3f90 Thread added: 0x000002677ea045c0
Event: 147062.453 Thread 0x000002677d751660 Thread added: 0x000002677ea04ad0
Event: 147062.488 Thread 0x000002677dbd3a80 Thread exited: 0x000002677dbd3a80
Event: 147062.490 Thread 0x000002677ea04ad0 Thread exited: 0x000002677ea04ad0


Dynamic libraries:
0x00007ff7b14a0000 - 0x00007ff7b14ae000 	C:\Program Files\Eclipse Adoptium\jdk-17.0.17.10-hotspot\bin\javaw.exe
0x00007ffe95480000 - 0x00007ffe956e7000 	C:\WINDOWS\SYSTEM32\ntdll.dll
0x00007ffe93c50000 - 0x00007ffe93d19000 	C:\WINDOWS\System32\KERNEL32.DLL
0x00007ffe92d70000 - 0x00007ffe93161000 	C:\WINDOWS\System32\KERNELBASE.dll
0x00007ffe928a0000 - 0x00007ffe929eb000 	C:\WINDOWS\System32\ucrtbase.dll
0x00007ffe84a60000 - 0x00007ffe84a78000 	C:\Program Files\Eclipse Adoptium\jdk-17.0.17.10-hotspot\bin\jli.dll
0x00007ffe94dd0000 - 0x00007ffe94f95000 	C:\WINDOWS\System32\USER32.dll
0x00007ffe91d60000 - 0x00007ffe91d87000 	C:\WINDOWS\System32\win32u.dll
0x00007ffe95040000 - 0x00007ffe9506b000 	C:\WINDOWS\System32\GDI32.dll
0x00007ffe91d90000 - 0x00007ffe91ebb000 	C:\WINDOWS\System32\gdi32full.dll
0x00007ffe93170000 - 0x00007ffe93213000 	C:\WINDOWS\System32\msvcp_win.dll
0x00007ffe84910000 - 0x00007ffe8492e000 	C:\Program Files\Eclipse Adoptium\jdk-17.0.17.10-hotspot\bin\VCRUNTIME140.dll
0x00007ffe80030000 - 0x00007ffe802c3000 	C:\WINDOWS\WinSxS\amd64_microsoft.windows.common-controls_6595b64144ccf1df_6.0.26100.8037_none_3e092faae333b53b\COMCTL32.dll
0x00007ffe94770000 - 0x00007ffe94819000 	C:\WINDOWS\System32\msvcrt.dll
0x00007ffe95070000 - 0x00007ffe950a1000 	C:\WINDOWS\System32\IMM32.DLL
0x00007ffe8d440000 - 0x00007ffe8d44c000 	C:\Program Files\Eclipse Adoptium\jdk-17.0.17.10-hotspot\bin\vcruntime140_1.dll
0x00007ffe734e0000 - 0x00007ffe7356d000 	C:\Program Files\Eclipse Adoptium\jdk-17.0.17.10-hotspot\bin\msvcp140.dll
0x00007ffe64e60000 - 0x00007ffe65acb000 	C:\Program Files\Eclipse Adoptium\jdk-17.0.17.10-hotspot\bin\server\jvm.dll
0x00007ffe94980000 - 0x00007ffe94a3b000 	C:\WINDOWS\System32\ADVAPI32.dll
0x00007ffe943c0000 - 0x00007ffe94467000 	C:\WINDOWS\System32\sechost.dll
0x00007ffe93da0000 - 0x00007ffe93eb8000 	C:\WINDOWS\System32\RPCRT4.dll
0x00007ffe93d20000 - 0x00007ffe93d94000 	C:\WINDOWS\System32\WS2_32.dll
0x00007ffe91bc0000 - 0x00007ffe91c1e000 	C:\WINDOWS\SYSTEM32\POWRPROF.dll
0x00007ffe80960000 - 0x00007ffe80995000 	C:\WINDOWS\SYSTEM32\WINMM.dll
0x00007ffe865f0000 - 0x00007ffe865fb000 	C:\WINDOWS\SYSTEM32\VERSION.dll
0x00007ffe91ba0000 - 0x00007ffe91bb4000 	C:\WINDOWS\SYSTEM32\UMPDC.dll
0x00007ffe90af0000 - 0x00007ffe90b0b000 	C:\WINDOWS\SYSTEM32\kernel.appcore.dll
0x00007ffe8c5a0000 - 0x00007ffe8c5aa000 	C:\Program Files\Eclipse Adoptium\jdk-17.0.17.10-hotspot\bin\jimage.dll
0x00007ffe80b50000 - 0x00007ffe80d92000 	C:\WINDOWS\SYSTEM32\DBGHELP.DLL
0x00007ffe94a40000 - 0x00007ffe94dc2000 	C:\WINDOWS\System32\combase.dll
0x00007ffe94820000 - 0x00007ffe948f7000 	C:\WINDOWS\System32\OLEAUT32.dll
0x00007ffe7fde0000 - 0x00007ffe7fe1b000 	C:\WINDOWS\SYSTEM32\dbgcore.DLL
0x00007ffe91f80000 - 0x00007ffe92025000 	C:\WINDOWS\System32\bcryptPrimitives.dll
0x00007ffe809b0000 - 0x00007ffe809d5000 	C:\Program Files\Eclipse Adoptium\jdk-17.0.17.10-hotspot\bin\java.dll
0x00007ffe6c210000 - 0x00007ffe6c2e7000 	C:\Program Files\Eclipse Adoptium\jdk-17.0.17.10-hotspot\bin\jsvml.dll
0x00007ffe93420000 - 0x00007ffe93b7f000 	C:\WINDOWS\System32\SHELL32.dll
0x00007ffe929f0000 - 0x00007ffe92b5a000 	C:\WINDOWS\System32\wintypes.dll
0x00007ffe92030000 - 0x00007ffe92894000 	C:\WINDOWS\System32\windows.storage.dll
0x00007ffe93220000 - 0x00007ffe93317000 	C:\WINDOWS\System32\SHCORE.dll
0x00007ffe94350000 - 0x00007ffe943b7000 	C:\WINDOWS\System32\shlwapi.dll
0x00007ffe91c50000 - 0x00007ffe91c79000 	C:\WINDOWS\SYSTEM32\profapi.dll
0x00007ffe831a0000 - 0x00007ffe831ba000 	C:\Program Files\Eclipse Adoptium\jdk-17.0.17.10-hotspot\bin\net.dll
0x00007ffe89630000 - 0x00007ffe89757000 	C:\WINDOWS\SYSTEM32\WINHTTP.dll
0x00007ffe91060000 - 0x00007ffe910cb000 	C:\WINDOWS\system32\mswsock.dll
0x00007ffe7bae0000 - 0x00007ffe7baf6000 	C:\Program Files\Eclipse Adoptium\jdk-17.0.17.10-hotspot\bin\nio.dll
0x00007ffe7bac0000 - 0x00007ffe7bad8000 	C:\Program Files\Eclipse Adoptium\jdk-17.0.17.10-hotspot\bin\zip.dll
0x00007ffe8c460000 - 0x00007ffe8c46a000 	C:\Program Files\Eclipse Adoptium\jdk-17.0.17.10-hotspot\bin\management.dll
0x00007ffe886f0000 - 0x00007ffe886fc000 	C:\Program Files\Eclipse Adoptium\jdk-17.0.17.10-hotspot\bin\management_ext.dll
0x00007ffe93320000 - 0x00007ffe93328000 	C:\WINDOWS\System32\PSAPI.DLL
0x00007ffe7ca50000 - 0x00007ffe7ca68000 	C:\WINDOWS\system32\napinsp.dll
0x00007ffe90590000 - 0x00007ffe906ba000 	C:\WINDOWS\SYSTEM32\DNSAPI.dll
0x00007ffe90500000 - 0x00007ffe90533000 	C:\WINDOWS\SYSTEM32\IPHLPAPI.DLL
0x00007ffe95020000 - 0x00007ffe9502a000 	C:\WINDOWS\System32\NSI.dll
0x00007ffe7ca30000 - 0x00007ffe7ca42000 	C:\WINDOWS\System32\winrnr.dll
0x00007ffe7ca00000 - 0x00007ffe7ca22000 	C:\WINDOWS\system32\nlansp_c.dll
0x00007ffe8a950000 - 0x00007ffe8a966000 	C:\WINDOWS\system32\wshbth.dll
0x00007ffe8a470000 - 0x00007ffe8a47b000 	C:\Windows\System32\rasadhlp.dll
0x00007ffe88270000 - 0x00007ffe882f6000 	C:\WINDOWS\System32\fwpuclnt.dll
0x00007ffe91340000 - 0x00007ffe9135b000 	C:\WINDOWS\SYSTEM32\CRYPTSP.dll
0x00007ffe90a50000 - 0x00007ffe90a89000 	C:\WINDOWS\system32\rsaenh.dll
0x00007ffe91110000 - 0x00007ffe91142000 	C:\WINDOWS\SYSTEM32\USERENV.dll
0x00007ffe91c80000 - 0x00007ffe91caa000 	C:\WINDOWS\SYSTEM32\bcrypt.dll
0x00007ffe91360000 - 0x00007ffe9136c000 	C:\WINDOWS\SYSTEM32\CRYPTBASE.dll
0x00007ffe890b0000 - 0x00007ffe890cd000 	C:\WINDOWS\SYSTEM32\dhcpcsvc6.DLL
0x00007ffe89080000 - 0x00007ffe890a3000 	C:\WINDOWS\SYSTEM32\dhcpcsvc.DLL
0x00007ffe831e0000 - 0x00007ffe831e9000 	C:\Program Files\Eclipse Adoptium\jdk-17.0.17.10-hotspot\bin\extnet.dll
0x00007ffe7fdc0000 - 0x00007ffe7fdce000 	C:\Program Files\Eclipse Adoptium\jdk-17.0.17.10-hotspot\bin\sunmscapi.dll
0x00007ffe92bf0000 - 0x00007ffe92d67000 	C:\WINDOWS\System32\CRYPT32.dll
0x00007ffe91560000 - 0x00007ffe91590000 	C:\WINDOWS\SYSTEM32\ncrypt.dll
0x00007ffe91510000 - 0x00007ffe9154f000 	C:\WINDOWS\SYSTEM32\NTASN1.dll
0x00007ffe6c860000 - 0x00007ffe6c868000 	C:\WINDOWS\system32\wshunix.dll

dbghelp: loaded successfully - version: 4.0.5 - missing functions: none
symbol engine: initialized successfully - sym options: 0x614 - pdb path: .;C:\Program Files\Eclipse Adoptium\jdk-17.0.17.10-hotspot\bin;C:\WINDOWS\SYSTEM32;C:\WINDOWS\WinSxS\amd64_microsoft.windows.common-controls_6595b64144ccf1df_6.0.26100.8037_none_3e092faae333b53b;C:\Program Files\Eclipse Adoptium\jdk-17.0.17.10-hotspot\bin\server

VM Arguments:
jvm_args: -Dcom.sun.management.jmxremote -Dcom.sun.management.jmxremote.port=61072 -Dcom.sun.management.jmxremote.authenticate=false -Dcom.sun.management.jmxremote.ssl=false -Djava.rmi.server.hostname=localhost -Dspring.jmx.enabled=true -Dmanagement.endpoints.jmx.exposure.include=* -Dspring.application.admin.enabled=true -Dspring.output.ansi.enabled=always -XX:TieredStopAtLevel=1 -Dspring.boot.project.name=BookMyShow -Dfile.encoding=UTF-8 -Dstdout.encoding=UTF-8 -Dstderr.encoding=UTF-8 -XX:+ShowCodeDetailsInExceptionMessages 
java_command: com.bookmyshow.BookMyShowApplication
java_class_path (initial): C:\Users\Quastech\Desktop\Java Notes\BookMyShow\target\classes;C:\Users\Quastech\Desktop\Java Notes\DemoSpringboot\target\classes;C:\Users\Quastech\.m2\repository\org\springframework\boot\spring-boot-starter-webmvc\4.0.3\spring-boot-starter-webmvc-4.0.3.jar;C:\Users\Quastech\.m2\repository\org\springframework\boot\spring-boot-starter\4.0.3\spring-boot-starter-4.0.3.jar;C:\Users\Quastech\.m2\repository\org\springframework\boot\spring-boot-starter-logging\4.0.3\spring-boot-starter-logging-4.0.3.jar;C:\Users\Quastech\.m2\repository\ch\qos\logback\logback-classic\1.5.32\logback-classic-1.5.32.jar;C:\Users\Quastech\.m2\repository\ch\qos\logback\logback-core\1.5.32\logback-core-1.5.32.jar;C:\Users\Quastech\.m2\repository\org\apache\logging\log4j\log4j-to-slf4j\2.25.3\log4j-to-slf4j-2.25.3.jar;C:\Users\Quastech\.m2\repository\org\apache\logging\log4j\log4j-api\2.25.3\log4j-api-2.25.3.jar;C:\Users\Quastech\.m2\repository\org\slf4j\jul-to-slf4j\2.0.17\jul-to-slf4j-2.0.17.jar;C:\Users\Quastech\.m2\repository\jakarta\annotation\jakarta.annotation-api\3.0.0\jakarta.annotation-api-3.0.0.jar;C:\Users\Quastech\.m2\repository\org\yaml\snakeyaml\2.5\snakeyaml-2.5.jar;C:\Users\Quastech\.m2\repository\org\springframework\boot\spring-boot-starter-jackson\4.0.3\spring-boot-starter-jackson-4.0.3.jar;C:\Users\Quastech\.m2\repository\org\springframework\boot\spring-boot-jackson\4.0.3\spring-boot-jackson-4.0.3.jar;C:\Users\Quastech\.m2\repository\tools\jackson\core\jackson-databind\3.0.4\jackson-databind-3.0.4.jar;C:\Users\Quastech\.m2\repository\com\fasterxml\jackson\core\jackson-annotations\2.20\jackson-annotations-2.20.jar;C:\Users\Quastech\.m2\repository\tools\jackson\core\jackson-core\3.0.4\jackson-core-3.0.4.jar;C:\Users\Quastech\.m2\repository\org\springframework\boot\spring-boot-starter-tomcat\4.0.3\spring-boot-starter-tomcat-4.0.3.jar;C:\Users\Quastech\.m2\repository\org\springframework\boot\spring-boot-starter-tomcat-runtime\4.0.3\spring-boot-starter-t
Launcher Type: SUN_STANDARD

[Global flags]
     intx CICompilerCount                          = 3                                         {product} {ergonomic}
     uint ConcGCThreads                            = 1                                         {product} {ergonomic}
     uint G1ConcRefinementThreads                  = 4                                         {product} {ergonomic}
   size_t G1HeapRegionSize                         = 1048576                                   {product} {ergonomic}
    uintx GCDrainStackTargetSize                   = 64                                        {product} {ergonomic}
   size_t InitialHeapSize                          = 134217728                                 {product} {ergonomic}
     bool ManagementServer                         = true                                      {product} {command line}
   size_t MarkStackSize                            = 4194304                                   {product} {ergonomic}
   size_t MaxHeapSize                              = 2124414976                                {product} {ergonomic}
   size_t MaxNewSize                               = 1274019840                                {product} {ergonomic}
   size_t MinHeapDeltaBytes                        = 1048576                                   {product} {ergonomic}
   size_t MinHeapSize                              = 8388608                                   {product} {ergonomic}
    uintx NonProfiledCodeHeapSize                  = 0                                      {pd product} {ergonomic}
     bool ProfileInterpreter                       = false                                  {pd product} {command line}
    uintx ProfiledCodeHeapSize                     = 0                                      {pd product} {ergonomic}
     bool ShowCodeDetailsInExceptionMessages       = true                                   {manageable} {command line}
   size_t SoftMaxHeapSize                          = 2124414976                             {manageable} {ergonomic}
     intx TieredStopAtLevel                        = 1                                         {product} {command line}
     bool UseCompressedClassPointers               = true                           {product lp64_product} {ergonomic}
     bool UseCompressedOops                        = true                           {product lp64_product} {ergonomic}
     bool UseG1GC                                  = true                                      {product} {ergonomic}
     bool UseLargePagesIndividualAllocation        = false                                  {pd product} {ergonomic}

Logging:
Log output configuration:
 #0: stdout all=warning uptime,level,tags
 #1: stderr all=off uptime,level,tags

Environment Variables:
JAVA_HOME=C:\Program Files\Eclipse Adoptium\jdk-17.0.17.10-hotspot
PATH=C:/sts Study/sts-4.32.0.RELEASE//plugins/org.eclipse.justj.openjdk.hotspot.jre.full.win32.x86_64_21.0.8.v20250724-1412/jre/bin/server;C:/sts Study/sts-4.32.0.RELEASE//plugins/org.eclipse.justj.openjdk.hotspot.jre.full.win32.x86_64_21.0.8.v20250724-1412/jre/bin;C:\Program Files\Eclipse Adoptium\jdk-17.0.17.10-hotspot\bin;C:\Users\Quastech\Desktop\HANDvoice\Scripts\;C:\Users\Quastech\Desktop\HANDvoice\;C:\WINDOWS\system32;C:\WINDOWS;C:\WINDOWS\System32\Wbem;C:\WINDOWS\System32\WindowsPowerShell\v1.0\;C:\WINDOWS\System32\OpenSSH\;C:\Program Files\nodejs\;C:\xampp\php;C:\Program Files\Microsoft SQL Server\150\Tools\Binn\;C:\Program Files\Java\jdk-21\bin;C:\MinGW\bin;C:\Program Files\Microsoft SQL Server\170\Tools\Binn\;C:\Program Files (x86)\Windows Kits\10\Windows Performance Toolkit\;C:\Program Files\Git\cmd;C:\Program Files\Eclipse Adoptium\jdk-17.0.17.10-hotspot\bin;C:\Users\Quastech\Desktop\HANDvoice\Scripts\;C:\Users\Quastech\Desktop\HANDvoice\;C:\WINDOWS\system32;C:\WINDOWS;C:\WINDOWS\System32\Wbem;C:\WINDOWS\System32\WindowsPowerShell\v1.0\;C:\WINDOWS\System32\OpenSSH\;C:\Program Files\nodejs\;C:\xampp\php;C:\Program Files\Microsoft SQL Server\150\Tools\Binn\;C:\Program Files\Java\jdk-21\bin;C:\MinGW\bin;C:\Program Files\Microsoft SQL Server\170\Tools\Binn\;C:\Program Files (x86)\Windows Kits\10\Windows Performance Toolkit\;C:\Users\Quastech\AppData\Local\Programs\Python\Python313\Scripts\;C:\Users\Quastech\AppData\Local\Programs\Python\Python313\;C:\Users\Quastech\AppData\Local\Microsoft\WindowsApps;C:\Users\Quastech\AppData\Local\Programs\Microsoft VS Code\bin;C:\Users\Quastech\AppData\Roaming\npm;C:\Users\Quastech\AppData\Local\Programs\Antigravity\bin;C:\Users\Quastech\apache-maven-3.9.6\bin;C:\Users\Quastech\.bun\bin;C:\ProgramData\Quastech\GitHubDesktop\bin;C:\Users\Quastech\AppData\Local\GitHubDesktop\bin;C:\Users\Quastech\AppData\Local\JetBrains\Toolbox\scripts;;C:\sts Study\sts-4.32.0.RELEASE;
USERNAME=Quastech
OS=Windows_NT
PROCESSOR_IDENTIFIER=Intel64 Family 6 Model 61 Stepping 4, GenuineIntel
TMP=C:\Users\Quastech\AppData\Local\Temp
TEMP=C:\Users\Quastech\AppData\Local\Temp



Periodic native trim disabled


---------------  S Y S T E M  ---------------

OS:
 Windows 11 , 64 bit Build 26100 (10.0.26100.7920)
OS uptime: 1 days 23:52 hours

CPU: total 4 (initial active 4) (2 cores per cpu, 2 threads per core) family 6 model 61 stepping 4 microcode 0x2f, cx8, cmov, fxsr, ht, mmx, 3dnowpref, sse, sse2, sse3, ssse3, sse4.1, sse4.2, popcnt, lzcnt, tsc, tscinvbit, avx, avx2, aes, erms, clmul, bmi1, bmi2, adx, fma, vzeroupper, clflush
Processor Information for all 4 processors :
  Max Mhz: 2000, Current Mhz: 2000, Mhz Limit: 2000

Memory: 4k page, system-wide physical 8097M (1708M free)
TotalPageFile size 12705M (AvailPageFile size 4726M)
current process WorkingSet (physical memory assigned to process): 249M, peak: 251M
current process commit charge ("private bytes"): 284M, peak: 284M

vm_info: OpenJDK 64-Bit Server VM (17.0.17+10) for windows-amd64 JRE (17.0.17+10), built on Oct 21 2025 23:25:32 by "admin" with unknown MS VC++:1942

END.
